0 verbose cli /data/data/com.termux/files/usr/bin/node /data/data/com.termux/files/usr/bin/npm
1 info using npm@11.10.0
2 info using node@v25.3.0
3 silly config load:file:/data/data/com.termux/files/usr/lib/node_modules/npm/npmrc
4 silly config load:file:/data/data/com.termux/files/home/.npmrc
5 silly config load:file:/data/data/com.termux/files/usr/etc/npmrc
6 verbose title npm install pnpm
7 verbose argv "install" "--global" "pnpm"
8 verbose logfile logs-max:10 dir:/data/data/com.termux/files/home/.npm/_logs/2026-02-20T08_25_46_405Z-
9 verbose logfile /data/data/com.termux/files/home/.npm/_logs/2026-02-20T08_25_46_405Z-debug-0.log
10 silly packumentCache heap:1174405120 maxSize:293601280 maxEntrySize:146800640
11 silly logfile done cleaning log files
12 silly idealTree buildDeps
13 silly fetch manifest pnpm@*
14 silly packumentCache full:https://registry.npmjs.org/pnpm cache-miss
15 http fetch GET 200 https://registry.npmjs.org/npm 1081ms
16 http fetch GET 200 https://registry.npmjs.org/pnpm 1149ms (cache miss)
17 silly packumentCache full:https://registry.npmjs.org/pnpm set size:undefined disposed:false
18 silly placeDep ROOT pnpm@10.30.1 OK for:  want: *
19 silly reify moves {}
20 http cache pnpm@https://registry.npmjs.org/pnpm/-/pnpm-10.30.1.tgz 1ms (cache hit)
21 silly tarball no local data for pnpm@https://registry.npmjs.org/pnpm/-/pnpm-10.30.1.tgz. Extracting by manifest.
22 http fetch GET 200 https://registry.npmjs.org/pnpm/-/pnpm-10.30.1.tgz 1404ms (cache miss)
23 silly ADD node_modules/pnpm
24 verbose cwd /data/data/com.termux/files/home/emiwork/Emi-Finace
25 verbose os Linux 6.1.145-android14-11-ga834abb484cc-ab14524903
26 verbose node v25.3.0
27 verbose npm  v11.10.0
28 notice
28 notice New [36mpatch[39m version of npm available! [36m11.10.0[39m -> [34m11.10.1[39m
28 notice Changelog: [34mhttps://github.com/npm/cli/releases/tag/v11.10.1[39m
28 notice To update run: [4mnpm install -g npm@11.10.1[24m
28 notice  { force: true, Symbol(proc-log.meta): true }
29 verbose exit 0
30 info ok
